E:\ProjectAdi\Angular7\MyCompany\MyCompany\Angular\dist\out-tsc\e2e\src\app.po.js
E:\ProjectAdi\Angular7\MyCompany\MyCompany\Angular\dist\out-tsc\e2e\src\app.po.js.map
E:\ProjectAdi\Angular7\MyCompany\MyCompany\Angular\dist\out-tsc\e2e\src\app.e2e-spec.js
E:\ProjectAdi\Angular7\MyCompany\MyCompany\Angular\dist\out-tsc\e2e\src\app.e2e-spec.js.map
E:\ProjectAdi\Angular7\MyCompany\MyCompany\Angular\dist\out-tsc\src\app\login.component.js
E:\ProjectAdi\Angular7\MyCompany\MyCompany\Angular\dist\out-tsc\src\app\login.component.js.map
E:\ProjectAdi\Angular7\MyCompany\MyCompany\Angular\dist\out-tsc\src\app\models\comboTemplate.js
E:\ProjectAdi\Angular7\MyCompany\MyCompany\Angular\dist\out-tsc\src\app\models\comboTemplate.js.map
E:\ProjectAdi\Angular7\MyCompany\MyCompany\Angular\dist\out-tsc\src\app\data.service.js
E:\ProjectAdi\Angular7\MyCompany\MyCompany\Angular\dist\out-tsc\src\app\data.service.js.map
E:\ProjectAdi\Angular7\MyCompany\MyCompany\Angular\dist\out-tsc\src\app\models\AssignCampaignTemplate.js
E:\ProjectAdi\Angular7\MyCompany\MyCompany\Angular\dist\out-tsc\src\app\models\AssignCampaignTemplate.js.map
E:\ProjectAdi\Angular7\MyCompany\MyCompany\Angular\dist\out-tsc\src\app\dashboard.component.js
E:\ProjectAdi\Angular7\MyCompany\MyCompany\Angular\dist\out-tsc\src\app\dashboard.component.js.map
E:\ProjectAdi\Angular7\MyCompany\MyCompany\Angular\dist\out-tsc\src\app\models\UserTemplate.js
E:\ProjectAdi\Angular7\MyCompany\MyCompany\Angular\dist\out-tsc\src\app\models\UserTemplate.js.map
E:\ProjectAdi\Angular7\MyCompany\MyCompany\Angular\dist\out-tsc\src\app\models\View_UserAssignMenu.js
E:\ProjectAdi\Angular7\MyCompany\MyCompany\Angular\dist\out-tsc\src\app\models\View_UserAssignMenu.js.map
E:\ProjectAdi\Angular7\MyCompany\MyCompany\Angular\dist\out-tsc\src\app\app.component.js
E:\ProjectAdi\Angular7\MyCompany\MyCompany\Angular\dist\out-tsc\src\app\app.component.js.map
E:\ProjectAdi\Angular7\MyCompany\MyCompany\Angular\dist\out-tsc\src\app\home.component.js
E:\ProjectAdi\Angular7\MyCompany\MyCompany\Angular\dist\out-tsc\src\app\home.component.js.map
E:\ProjectAdi\Angular7\MyCompany\MyCompany\Angular\dist\out-tsc\src\app\models\tblUser.js
E:\ProjectAdi\Angular7\MyCompany\MyCompany\Angular\dist\out-tsc\src\app\models\tblUser.js.map
E:\ProjectAdi\Angular7\MyCompany\MyCompany\Angular\dist\out-tsc\src\app\user.component.js
E:\ProjectAdi\Angular7\MyCompany\MyCompany\Angular\dist\out-tsc\src\app\user.component.js.map
E:\ProjectAdi\Angular7\MyCompany\MyCompany\Angular\dist\out-tsc\src\app\models\tblSupplier.js
E:\ProjectAdi\Angular7\MyCompany\MyCompany\Angular\dist\out-tsc\src\app\models\tblSupplier.js.map
E:\ProjectAdi\Angular7\MyCompany\MyCompany\Angular\dist\out-tsc\src\app\models\tblSupplierContact.js
E:\ProjectAdi\Angular7\MyCompany\MyCompany\Angular\dist\out-tsc\src\app\models\tblSupplierContact.js.map
E:\ProjectAdi\Angular7\MyCompany\MyCompany\Angular\dist\out-tsc\src\app\supplier.component.js
E:\ProjectAdi\Angular7\MyCompany\MyCompany\Angular\dist\out-tsc\src\app\supplier.component.js.map
E:\ProjectAdi\Angular7\MyCompany\MyCompany\Angular\dist\out-tsc\src\app\models\tblProduct.js
E:\ProjectAdi\Angular7\MyCompany\MyCompany\Angular\dist\out-tsc\src\app\models\tblProduct.js.map
E:\ProjectAdi\Angular7\MyCompany\MyCompany\Angular\dist\out-tsc\src\app\product.component.js
E:\ProjectAdi\Angular7\MyCompany\MyCompany\Angular\dist\out-tsc\src\app\product.component.js.map
E:\ProjectAdi\Angular7\MyCompany\MyCompany\Angular\dist\out-tsc\src\app\models\tblPartner.js
E:\ProjectAdi\Angular7\MyCompany\MyCompany\Angular\dist\out-tsc\src\app\models\tblPartner.js.map
E:\ProjectAdi\Angular7\MyCompany\MyCompany\Angular\dist\out-tsc\src\app\partner.component.js
E:\ProjectAdi\Angular7\MyCompany\MyCompany\Angular\dist\out-tsc\src\app\partner.component.js.map
E:\ProjectAdi\Angular7\MyCompany\MyCompany\Angular\dist\out-tsc\src\app\models\inExpend.js
E:\ProjectAdi\Angular7\MyCompany\MyCompany\Angular\dist\out-tsc\src\app\models\inExpend.js.map
E:\ProjectAdi\Angular7\MyCompany\MyCompany\Angular\dist\out-tsc\src\app\models\inExpendDetail.js
E:\ProjectAdi\Angular7\MyCompany\MyCompany\Angular\dist\out-tsc\src\app\models\inExpendDetail.js.map
E:\ProjectAdi\Angular7\MyCompany\MyCompany\Angular\dist\out-tsc\src\app\data.formatdate.js
E:\ProjectAdi\Angular7\MyCompany\MyCompany\Angular\dist\out-tsc\src\app\data.formatdate.js.map
E:\ProjectAdi\Angular7\MyCompany\MyCompany\Angular\dist\out-tsc\src\app\expend.component.js
E:\ProjectAdi\Angular7\MyCompany\MyCompany\Angular\dist\out-tsc\src\app\expend.component.js.map
E:\ProjectAdi\Angular7\MyCompany\MyCompany\Angular\dist\out-tsc\src\app\models\inPurchase.js
E:\ProjectAdi\Angular7\MyCompany\MyCompany\Angular\dist\out-tsc\src\app\models\inPurchase.js.map
E:\ProjectAdi\Angular7\MyCompany\MyCompany\Angular\dist\out-tsc\src\app\models\inPurchaseDetail.js
E:\ProjectAdi\Angular7\MyCompany\MyCompany\Angular\dist\out-tsc\src\app\models\inPurchaseDetail.js.map
E:\ProjectAdi\Angular7\MyCompany\MyCompany\Angular\dist\out-tsc\src\app\purchase.component.js
E:\ProjectAdi\Angular7\MyCompany\MyCompany\Angular\dist\out-tsc\src\app\purchase.component.js.map
E:\ProjectAdi\Angular7\MyCompany\MyCompany\Angular\dist\out-tsc\src\app\app-routing.module.js
E:\ProjectAdi\Angular7\MyCompany\MyCompany\Angular\dist\out-tsc\src\app\app-routing.module.js.map
E:\ProjectAdi\Angular7\MyCompany\MyCompany\Angular\dist\out-tsc\src\app\app.module.js
E:\ProjectAdi\Angular7\MyCompany\MyCompany\Angular\dist\out-tsc\src\app\app.module.js.map
E:\ProjectAdi\Angular7\MyCompany\MyCompany\Angular\dist\out-tsc\src\environments\environment.js
E:\ProjectAdi\Angular7\MyCompany\MyCompany\Angular\dist\out-tsc\src\environments\environment.js.map
E:\ProjectAdi\Angular7\MyCompany\MyCompany\Angular\dist\out-tsc\src\main.js
E:\ProjectAdi\Angular7\MyCompany\MyCompany\Angular\dist\out-tsc\src\main.js.map
E:\ProjectAdi\Angular7\MyCompany\MyCompany\Angular\dist\out-tsc\src\polyfills.js
E:\ProjectAdi\Angular7\MyCompany\MyCompany\Angular\dist\out-tsc\src\polyfills.js.map
E:\ProjectAdi\Angular7\MyCompany\MyCompany\Angular\dist\out-tsc\src\test.js
E:\ProjectAdi\Angular7\MyCompany\MyCompany\Angular\dist\out-tsc\src\test.js.map
E:\ProjectAdi\Angular7\MyCompany\MyCompany\Angular\dist\out-tsc\src\app\app.component.spec.js
E:\ProjectAdi\Angular7\MyCompany\MyCompany\Angular\dist\out-tsc\src\app\app.component.spec.js.map
E:\ProjectAdi\Angular7\MyCompany\MyCompany\Angular\dist\out-tsc\src\app\supplier-create.component.js
E:\ProjectAdi\Angular7\MyCompany\MyCompany\Angular\dist\out-tsc\src\app\supplier-create.component.js.map
E:\ProjectAdi\Angular7\MyCompany\MyCompany\Angular\dist\out-tsc\src\app\models\LoginViewModel.js
E:\ProjectAdi\Angular7\MyCompany\MyCompany\Angular\dist\out-tsc\src\app\models\LoginViewModel.js.map
E:\ProjectAdi\Angular7\MyCompany\MyCompany\Angular\dist\out-tsc\src\environments\environment.prod.js
E:\ProjectAdi\Angular7\MyCompany\MyCompany\Angular\dist\out-tsc\src\environments\environment.prod.js.map
